  BLAS_Interface.cpp
  main.cpp
C:\Program Files (x86)\Microsoft Visual Studio\2019\Community\VC\Tools\MSVC\14.28.29910\include\algorithm(5401,64): warning C4244: '인수': '_Diff'에서 'int'(으)로 변환하면서 데이터가 손실될 수 있습니다.
C:\Program Files (x86)\Microsoft Visual Studio\2019\Community\VC\Tools\MSVC\14.28.29910\include\algorithm(5481): message : 컴파일되는 함수 템플릿 인스턴스화 'void std::_Random_shuffle1<_RanIt,int(int)>(_RanIt,_RanIt,_RngFn (__cdecl &))'에 대한 참조를 확인하세요.
          with
          [
              _RanIt=std::_Vector_iterator<std::_Vector_val<std::_Simple_types<int>>>,
              _RngFn=int (int)
          ]
E:\My_Research\01_ANN Coding\IAN_Beta\IAN_Beta\IAN_Beta\dataDivision.h(39): message : 컴파일되는 함수 템플릿 인스턴스화 'void std::random_shuffle<std::_Vector_iterator<std::_Vector_val<std::_Simple_types<_Ty>>>,int(__cdecl &)(int)>(_RanIt,_RanIt,_RngFn)'에 대한 참조를 확인하세요.
          with
          [
              _Ty=int,
              _RanIt=std::_Vector_iterator<std::_Vector_val<std::_Simple_types<int>>>,
              _RngFn=int (__cdecl &)(int)
          ]
  mapminmax.cpp
  standardscaler.cpp
  코드를 생성하고 있습니다.
  Previous IPDB not found, fall back to full compilation.
  All 467 functions were compiled because no usable IPDB/IOBJ from previous compilation was found.
  코드를 생성했습니다.
  IAN_Beta.vcxproj -> E:\My_Research\01_ANN Coding\IAN_Beta\IAN_Beta\x64\Release\IAN_Beta.exe
